<?xml version="1.0" encoding="utf-8"?><testsuites name="pytest tests"><testsuite name="pytest" errors="0" failures="7" skipped="0" tests="20" time="2.496" timestamp="2026-01-17T17:20:42.226495+00:00" hostname="agent-env-c490b1e8-67c3-4241-9e04-35f53909f693"><testcase classname="tests.test_admin_crud.TestBooksListAndGet" name="test_get_all_books" time="0.113" /><testcase classname="tests.test_admin_crud.TestBooksListAndGet" name="test_get_books_with_category_filter" time="0.042" /><testcase classname="tests.test_admin_crud.TestBooksListAndGet" name="test_get_single_book" time="0.091" /><testcase classname="tests.test_admin_crud.TestBooksListAndGet" name="test_get_nonexistent_book" time="0.037" /><testcase classname="tests.test_admin_crud.TestBooksCRUD" name="test_create_book" time="0.134" /><testcase classname="tests.test_admin_crud.TestBooksCRUD" name="test_update_book" time="0.250" /><testcase classname="tests.test_admin_crud.TestBooksCRUD" name="test_delete_book" time="0.122" /><testcase classname="tests.test_admin_crud.TestBooksCRUD" name="test_delete_nonexistent_book" time="0.040" /><testcase classname="tests.test_admin_crud.TestBooksCRUD" name="test_update_nonexistent_book" time="0.038" /><testcase classname="tests.test_admin_crud.TestPagesCRUD" name="test_get_book_pages_empty" time="0.154" /><testcase classname="tests.test_admin_crud.TestPagesCRUD" name="test_create_page" time="0.112"><failure message="assert 422 == 200&#10; +  where 422 = &lt;Response [422]&gt;.status_code">tests/test_admin_crud.py:228: in test_create_page
    assert response.status_code == 200
E   assert 422 == 200
E    +  where 422 = &lt;Response [422]&gt;.status_code</failure></testcase><testcase classname="tests.test_admin_crud.TestPagesCRUD" name="test_create_multiple_pages" time="0.121"><failure message="assert 422 == 200&#10; +  where 422 = &lt;Response [422]&gt;.status_code">tests/test_admin_crud.py:260: in test_create_multiple_pages
    assert response.status_code == 200
E   assert 422 == 200
E    +  where 422 = &lt;Response [422]&gt;.status_code</failure></testcase><testcase classname="tests.test_admin_crud.TestPagesCRUD" name="test_update_page" time="0.113"><failure message="KeyError: 'id'">tests/test_admin_crud.py:285: in test_update_page
    page_id = create_response.json()["id"]
              ^^^^^^^^^^^^^^^^^^^^^^^^^^^^
E   KeyError: 'id'</failure></testcase><testcase classname="tests.test_admin_crud.TestPagesCRUD" name="test_delete_page" time="0.159"><failure message="KeyError: 'id'">tests/test_admin_crud.py:323: in test_delete_page
    page_id = create_response.json()["id"]
              ^^^^^^^^^^^^^^^^^^^^^^^^^^^^
E   KeyError: 'id'</failure></testcase><testcase classname="tests.test_admin_crud.TestPagesCRUD" name="test_delete_nonexistent_page" time="0.154" /><testcase classname="tests.test_admin_crud.TestPagesCRUD" name="test_create_page_for_nonexistent_book" time="0.036"><failure message="assert 422 == 404&#10; +  where 422 = &lt;Response [422]&gt;.status_code">tests/test_admin_crud.py:355: in test_create_page_for_nonexistent_book
    assert response.status_code == 404
E   assert 422 == 404
E    +  where 422 = &lt;Response [422]&gt;.status_code</failure></testcase><testcase classname="tests.test_admin_crud.TestPagesCRUD" name="test_get_pages_for_nonexistent_book" time="0.080" /><testcase classname="tests.test_admin_crud.TestBookTotalPagesUpdate" name="test_total_pages_increments_on_page_create" time="0.187"><failure message="AssertionError: assert 0 == (0 + 1)&#10; +  where 0 = &lt;built-in method get of dict object at 0xfe9c6f749680&gt;('totalPages', 0)&#10; +    where &lt;built-in method get of dict object at 0xfe9c6f749680&gt; = {'ageGroup': '4-6', 'author': 'Test Author', 'category': 'bizim-masallar', 'coverImage': 'https://example.com/cover.jpg', ...}.get">tests/test_admin_crud.py:392: in test_total_pages_increments_on_page_create
    assert book.get("totalPages", 0) == initial_pages + 1
E   AssertionError: assert 0 == (0 + 1)
E    +  where 0 = &lt;built-in method get of dict object at 0xfe9c6f749680&gt;('totalPages', 0)
E    +    where &lt;built-in method get of dict object at 0xfe9c6f749680&gt; = {'ageGroup': '4-6', 'author': 'Test Author', 'category': 'bizim-masallar', 'coverImage': 'https://example.com/cover.jpg', ...}.get</failure></testcase><testcase classname="tests.test_admin_crud.TestBookTotalPagesUpdate" name="test_total_pages_decrements_on_page_delete" time="0.229"><failure message="AssertionError: assert 0 == 2&#10; +  where 0 = &lt;built-in method get of dict object at 0xfe9c6f747640&gt;('totalPages', 0)&#10; +    where &lt;built-in method get of dict object at 0xfe9c6f747640&gt; = {'ageGroup': '4-6', 'author': 'Test Author', 'category': 'bizim-masallar', 'coverImage': 'https://example.com/cover.jpg', ...}.get">tests/test_admin_crud.py:426: in test_total_pages_decrements_on_page_delete
    assert book.get("totalPages", 0) == 2
E   AssertionError: assert 0 == 2
E    +  where 0 = &lt;built-in method get of dict object at 0xfe9c6f747640&gt;('totalPages', 0)
E    +    where &lt;built-in method get of dict object at 0xfe9c6f747640&gt; = {'ageGroup': '4-6', 'author': 'Test Author', 'category': 'bizim-masallar', 'coverImage': 'https://example.com/cover.jpg', ...}.get</failure></testcase><testcase classname="tests.test_admin_crud.TestCategoriesEndpoint" name="test_get_categories" time="0.038" /></testsuite></testsuites>