<?xml version="1.0" encoding="utf-8"?><testsuites name="pytest tests"><testsuite name="pytest" errors="0" failures="0" skipped="0" tests="20" time="2.861" timestamp="2026-01-17T17:26:01.229366+00:00" hostname="agent-env-c490b1e8-67c3-4241-9e04-35f53909f693"><testcase classname="tests.test_admin_crud.TestBooksListAndGet" name="test_get_all_books" time="0.067" /><testcase classname="tests.test_admin_crud.TestBooksListAndGet" name="test_get_books_with_category_filter" time="0.044" /><testcase classname="tests.test_admin_crud.TestBooksListAndGet" name="test_get_single_book" time="0.085" /><testcase classname="tests.test_admin_crud.TestBooksListAndGet" name="test_get_nonexistent_book" time="0.043" /><testcase classname="tests.test_admin_crud.TestBooksCRUD" name="test_create_book" time="0.159" /><testcase classname="tests.test_admin_crud.TestBooksCRUD" name="test_update_book" time="0.207" /><testcase classname="tests.test_admin_crud.TestBooksCRUD" name="test_delete_book" time="0.123" /><testcase classname="tests.test_admin_crud.TestBooksCRUD" name="test_delete_nonexistent_book" time="0.081" /><testcase classname="tests.test_admin_crud.TestBooksCRUD" name="test_update_nonexistent_book" time="0.046" /><testcase classname="tests.test_admin_crud.TestPagesCRUD" name="test_get_book_pages_empty" time="0.161" /><testcase classname="tests.test_admin_crud.TestPagesCRUD" name="test_create_page" time="0.155" /><testcase classname="tests.test_admin_crud.TestPagesCRUD" name="test_create_multiple_pages" time="0.255" /><testcase classname="tests.test_admin_crud.TestPagesCRUD" name="test_update_page" time="0.257" /><testcase classname="tests.test_admin_crud.TestPagesCRUD" name="test_delete_page" time="0.220" /><testcase classname="tests.test_admin_crud.TestPagesCRUD" name="test_delete_nonexistent_page" time="0.163" /><testcase classname="tests.test_admin_crud.TestPagesCRUD" name="test_create_page_for_nonexistent_book" time="0.044" /><testcase classname="tests.test_admin_crud.TestPagesCRUD" name="test_get_pages_for_nonexistent_book" time="0.038" /><testcase classname="tests.test_admin_crud.TestBookTotalPagesUpdate" name="test_total_pages_increments_on_page_create" time="0.203" /><testcase classname="tests.test_admin_crud.TestBookTotalPagesUpdate" name="test_total_pages_decrements_on_page_delete" time="0.391" /><testcase classname="tests.test_admin_crud.TestCategoriesEndpoint" name="test_get_categories" time="0.051" /></testsuite></testsuites>