<?xml version="1.0" encoding="utf-8"?><testsuites name="pytest tests"><testsuite name="pytest" errors="0" failures="0" skipped="0" tests="9" time="7.199" timestamp="2026-01-17T14:26:34.930039+00:00" hostname="agent-env-c600cb4d-d65f-4ef8-821c-95fcbd47f1fe"><testcase classname="tests.test_backend_api.TestHealthAndBasicAPI" name="test_root_endpoint" time="0.079" /><testcase classname="tests.test_backend_api.TestHealthAndBasicAPI" name="test_status_endpoint_get" time="0.089" /><testcase classname="tests.test_backend_api.TestTTSEndpoints" name="test_tts_generate_success" time="0.894" /><testcase classname="tests.test_backend_api.TestTTSEndpoints" name="test_tts_generate_turkish_text" time="1.294" /><testcase classname="tests.test_backend_api.TestTTSEndpoints" name="test_tts_generate_empty_text" time="0.818" /><testcase classname="tests.test_backend_api.TestTTSEndpoints" name="test_tts_voices_endpoint" time="0.207" /><testcase classname="tests.test_backend_api.TestTTSEndpoints" name="test_tts_page_endpoint" time="0.959" /><testcase classname="tests.test_backend_api.TestTTSEndpoints" name="test_tts_book_endpoint" time="1.725" /><testcase classname="tests.test_backend_api.TestTTSVoiceConfiguration" name="test_default_voice_is_valory" time="0.944" /></testsuite></testsuites>