<?xml version="1.0" encoding="utf-8"?><testsuites name="pytest tests"><testsuite name="pytest" errors="0" failures="1" skipped="0" tests="10" time="0.995" timestamp="2026-01-18T18:20:01.345436+00:00" hostname="agent-env-885309cc-340c-4ad7-a10b-14fcfc017c65"><testcase classname="tests.test_trial_and_page_update.TestPageUpdateAudioInvalidation" name="test_update_page_with_new_voice_clears_audio" time="0.247" /><testcase classname="tests.test_trial_and_page_update.TestPageUpdateAudioInvalidation" name="test_update_page_without_voice_change_preserves_audio" time="0.147" /><testcase classname="tests.test_trial_and_page_update.TestAdminTrialNotificationEndpoints" name="test_trial_notifications_endpoint_requires_auth" time="0.035" /><testcase classname="tests.test_trial_and_page_update.TestAdminTrialNotificationEndpoints" name="test_trigger_trial_check_endpoint_requires_auth" time="0.043" /><testcase classname="tests.test_trial_and_page_update.TestAdminTrialNotificationEndpoints" name="test_admin_stats_endpoint_accessible" time="0.048" /><testcase classname="tests.test_trial_and_page_update.TestTrialStatusEndpoints" name="test_trial_status_endpoint_exists" time="0.081" /><testcase classname="tests.test_trial_and_page_update.TestTrialStatusEndpoints" name="test_subscription_status_endpoint_exists" time="0.041" /><testcase classname="tests.test_trial_and_page_update.TestBackgroundTaskVerification" name="test_server_health_check" time="0.035" /><testcase classname="tests.test_trial_and_page_update.TestBackgroundTaskVerification" name="test_notification_endpoints_exist" time="0.039"><failure message="AssertionError: Missing count in unread-count response&#10;assert 'count' in {'unread_count': 3}">tests/test_trial_and_page_update.py:263: in test_notification_endpoints_exist
    assert "count" in data, "Missing count in unread-count response"
E   AssertionError: Missing count in unread-count response
E   assert 'count' in {'unread_count': 3}</failure></testcase><testcase classname="tests.test_trial_and_page_update.TestPageUpdateResponseStructure" name="test_page_update_response_includes_audio_url_field" time="0.134" /></testsuite></testsuites>