<?xml version="1.0" encoding="utf-8"?><testsuites name="pytest tests"><testsuite name="pytest" errors="0" failures="6" skipped="0" tests="36" time="10.142" timestamp="2026-01-17T22:39:28.044097+00:00" hostname="agent-env-6f8a3887-78dc-4ae8-ae28-20d5a86df009"><testcase classname="tests.test_admin_crud.TestBooksListAndGet" name="test_get_all_books" time="0.090" /><testcase classname="tests.test_admin_crud.TestBooksListAndGet" name="test_get_books_with_category_filter" time="0.045" /><testcase classname="tests.test_admin_crud.TestBooksListAndGet" name="test_get_single_book" time="0.084" /><testcase classname="tests.test_admin_crud.TestBooksListAndGet" name="test_get_nonexistent_book" time="0.041" /><testcase classname="tests.test_admin_crud.TestBooksCRUD" name="test_create_book" time="0.136" /><testcase classname="tests.test_admin_crud.TestBooksCRUD" name="test_update_book" time="0.162" /><testcase classname="tests.test_admin_crud.TestBooksCRUD" name="test_delete_book" time="0.118" /><testcase classname="tests.test_admin_crud.TestBooksCRUD" name="test_delete_nonexistent_book" time="0.042" /><testcase classname="tests.test_admin_crud.TestBooksCRUD" name="test_update_nonexistent_book" time="0.038" /><testcase classname="tests.test_admin_crud.TestPagesCRUD" name="test_get_book_pages_empty" time="0.113" /><testcase classname="tests.test_admin_crud.TestPagesCRUD" name="test_create_page" time="0.169" /><testcase classname="tests.test_admin_crud.TestPagesCRUD" name="test_create_multiple_pages" time="0.285" /><testcase classname="tests.test_admin_crud.TestPagesCRUD" name="test_update_page" time="0.201" /><testcase classname="tests.test_admin_crud.TestPagesCRUD" name="test_delete_page" time="0.201" /><testcase classname="tests.test_admin_crud.TestPagesCRUD" name="test_delete_nonexistent_page" time="0.159" /><testcase classname="tests.test_admin_crud.TestPagesCRUD" name="test_create_page_for_nonexistent_book" time="0.040" /><testcase classname="tests.test_admin_crud.TestPagesCRUD" name="test_get_pages_for_nonexistent_book" time="0.044" /><testcase classname="tests.test_admin_crud.TestBookTotalPagesUpdate" name="test_total_pages_increments_on_page_create" time="0.195" /><testcase classname="tests.test_admin_crud.TestBookTotalPagesUpdate" name="test_total_pages_decrements_on_page_delete" time="0.362" /><testcase classname="tests.test_admin_crud.TestCategoriesEndpoint" name="test_get_categories" time="0.039" /><testcase classname="tests.test_backend_api.TestHealthAndBasicAPI" name="test_root_endpoint" time="0.035" /><testcase classname="tests.test_backend_api.TestHealthAndBasicAPI" name="test_status_endpoint_get" time="0.044" /><testcase classname="tests.test_backend_api.TestTTSEndpoints" name="test_tts_generate_success" time="0.963"><failure message="assert 520 == 200&#10; +  where 520 = &lt;Response [520]&gt;.status_code">tests/test_backend_api.py:39: in test_tts_generate_success
    assert response.status_code == 200
E   assert 520 == 200
E    +  where 520 = &lt;Response [520]&gt;.status_code</failure></testcase><testcase classname="tests.test_backend_api.TestTTSEndpoints" name="test_tts_generate_turkish_text" time="1.191"><failure message="assert 520 == 200&#10; +  where 520 = &lt;Response [520]&gt;.status_code">tests/test_backend_api.py:63: in test_tts_generate_turkish_text
    assert response.status_code == 200
E   assert 520 == 200
E    +  where 520 = &lt;Response [520]&gt;.status_code</failure></testcase><testcase classname="tests.test_backend_api.TestTTSEndpoints" name="test_tts_generate_empty_text" time="0.820"><failure message="assert 520 in [200, 422, 500]&#10; +  where 520 = &lt;Response [520]&gt;.status_code">tests/test_backend_api.py:76: in test_tts_generate_empty_text
    assert response.status_code in [200, 422, 500]
E   assert 520 in [200, 422, 500]
E    +  where 520 = &lt;Response [520]&gt;.status_code</failure></testcase><testcase classname="tests.test_backend_api.TestTTSEndpoints" name="test_tts_voices_endpoint" time="0.282" /><testcase classname="tests.test_backend_api.TestTTSEndpoints" name="test_tts_page_endpoint" time="0.991"><failure message="assert 520 == 200&#10; +  where 520 = &lt;Response [520]&gt;.status_code">tests/test_backend_api.py:96: in test_tts_page_endpoint
    assert response.status_code == 200
E   assert 520 == 200
E    +  where 520 = &lt;Response [520]&gt;.status_code</failure></testcase><testcase classname="tests.test_backend_api.TestTTSEndpoints" name="test_tts_book_endpoint" time="1.652"><failure message="assert 520 == 200&#10; +  where 520 = &lt;Response [520]&gt;.status_code">tests/test_backend_api.py:118: in test_tts_book_endpoint
    assert response.status_code == 200
E   assert 520 == 200
E    +  where 520 = &lt;Response [520]&gt;.status_code</failure></testcase><testcase classname="tests.test_backend_api.TestTTSVoiceConfiguration" name="test_default_voice_is_valory" time="0.850"><failure message="assert 520 == 200&#10; +  where 520 = &lt;Response [520]&gt;.status_code">tests/test_backend_api.py:135: in test_default_voice_is_valory
    assert response.status_code == 200
E   assert 520 == 200
E    +  where 520 = &lt;Response [520]&gt;.status_code</failure></testcase><testcase classname="tests.test_upload_api.TestImageUpload" name="test_upload_png_image" time="0.069" /><testcase classname="tests.test_upload_api.TestImageUpload" name="test_upload_and_retrieve_image" time="0.111" /><testcase classname="tests.test_upload_api.TestImageUpload" name="test_upload_and_delete_image" time="0.154" /><testcase classname="tests.test_upload_api.TestImageUpload" name="test_upload_invalid_file_type" time="0.034" /><testcase classname="tests.test_upload_api.TestImageUpload" name="test_get_nonexistent_image" time="0.036" /><testcase classname="tests.test_upload_api.TestImageUpload" name="test_delete_nonexistent_image" time="0.036" /><testcase classname="tests.test_upload_api.TestImageUpload" name="test_upload_response_structure" time="0.073" /></testsuite></testsuites>